<?xml version="1.0" encoding="UTF-8"?>
<testng-results skipped="0" failed="0" total="1" passed="1">
  <reporter-output>
  </reporter-output>
  <suite name="Default suite" duration-ms="21360" started-at="2019-04-26T09:29:25Z" finished-at="2019-04-26T09:29:47Z">
    <groups>
    </groups>
    <test name="Default test" duration-ms="21360" started-at="2019-04-26T09:29:25Z" finished-at="2019-04-26T09:29:47Z">
      <class name="seleniumWebdriver.RobotExample">
        <test-method status="PASS" signature="start()[pri:0, instance:seleniumWebdriver.RobotExample@725bef66]" name="start" is-config="true" duration-ms="4005" started-at="2019-04-26T14:59:25Z" finished-at="2019-04-26T14:59:29Z">
          <reporter-output>
          </reporter-output>
        </test-method> <!-- start -->
        <test-method status="PASS" signature="open()[pri:0, instance:seleniumWebdriver.RobotExample@725bef66]" name="open" duration-ms="16806" started-at="2019-04-26T14:59:29Z" finished-at="2019-04-26T14:59:46Z">
          <reporter-output>
          </reporter-output>
        </test-method> <!-- open -->
        <test-method status="PASS" signature="takeScreeShotOnFailure(org.testng.ITestResult)[pri:0, instance:seleniumWebdriver.RobotExample@725bef66]" name="takeScreeShotOnFailure" is-config="true" duration-ms="0" started-at="2019-04-26T14:59:46Z" finished-at="2019-04-26T14:59:46Z">
          <params>
            <param index="0">
              <value>
                <![CDATA[[TestResult name=open status=SUCCESS method=RobotExample.open()[pri:0, instance:seleniumWebdriver.RobotExample@725bef66] output={null}]]]>
              </value>
            </param>
          </params>
          <reporter-output>
          </reporter-output>
        </test-method> <!-- takeScreeShotOnFailure -->
        <test-method status="PASS" signature="closeAll()[pri:0, instance:seleniumWebdriver.RobotExample@725bef66]" name="closeAll" is-config="true" duration-ms="534" started-at="2019-04-26T14:59:46Z" depends-on-methods="takescreenshot.BaseClass.takeScreeShotOnFailure" finished-at="2019-04-26T14:59:47Z">
          <reporter-output>
          </reporter-output>
        </test-method> <!-- closeAll -->
      </class> <!-- seleniumWebdriver.RobotExample -->
    </test> <!-- Default test -->
  </suite> <!-- Default suite -->
</testng-results>
